<?xml version="1.0" encoding="UTF-8"?>
<testng-results ignored="0" total="2" passed="2" failed="0" skipped="0">
  <reporter-output>
  </reporter-output>
  <suite started-at="2024-11-25T13:15:51 IST" name="Default suite" finished-at="2024-11-25T13:15:53 IST" duration-ms="1802">
    <groups>
    </groups>
    <test started-at="2024-11-25T13:15:51 IST" name="Default test" finished-at="2024-11-25T13:15:53 IST" duration-ms="1802">
      <class name="apiframework.Demo">
        <test-method signature="test()[pri:0, instance:apiframework.Demo@6b81ce95]" started-at="2024-11-25T13:15:51 IST" name="test" finished-at="2024-11-25T13:15:53 IST" duration-ms="1736" status="PASS">
          <reporter-output>
          </reporter-output>
        </test-method> <!-- test -->
        <test-method signature="test1()[pri:0, instance:apiframework.Demo@6b81ce95]" started-at="2024-11-25T13:15:53 IST" name="test1" finished-at="2024-11-25T13:15:53 IST" duration-ms="30" status="PASS">
          <reporter-output>
          </reporter-output>
        </test-method> <!-- test1 -->
      </class> <!-- apiframework.Demo -->
    </test> <!-- Default test -->
  </suite> <!-- Default suite -->
</testng-results>
